[debug] [2024-08-19T22:04:25.850Z] ----------------------------------------------------------------------
[debug] [2024-08-19T22:04:25.854Z] Command:       C:\Program Files\nodejs\node.exe C:\Users\katym\AppData\Roaming\npm\node_modules\firebase-tools\lib\bin\firebase.js login
[debug] [2024-08-19T22:04:25.855Z] CLI Version:   13.15.2
[debug] [2024-08-19T22:04:25.855Z] Platform:      win32
[debug] [2024-08-19T22:04:25.856Z] Node Version:  v20.13.1
[debug] [2024-08-19T22:04:25.856Z] Time:          Mon Aug 19 2024 19:04:25 GMT-0300 (hora estándar de Argentina)
[debug] [2024-08-19T22:04:25.856Z] ----------------------------------------------------------------------
[debug] 
[debug] [2024-08-19T22:04:25.861Z] >>> [apiv2][query] GET https://firebase-public.firebaseio.com/cli.json [none]
[info] i  Firebase optionally collects CLI and Emulator Suite usage and error reporting information to help improve our products. Data is collected in accordance with Google's privacy policy (https://policies.google.com/privacy) and is not used to identify you.
 
[debug] [2024-08-19T22:04:26.385Z] <<< [apiv2][status] GET https://firebase-public.firebaseio.com/cli.json 200
[debug] [2024-08-19T22:04:26.385Z] <<< [apiv2][body] GET https://firebase-public.firebaseio.com/cli.json {"cloudBuildErrorAfter":1594252800000,"cloudBuildWarnAfter":1590019200000,"defaultNode10After":1594252800000,"minVersion":"3.0.5","node8DeploysDisabledAfter":1613390400000,"node8RuntimeDisabledAfter":1615809600000,"node8WarnAfter":1600128000000}
[info] 
[info] Visit this URL on this device to log in:
[info] https://accounts.google.com/o/oauth2/auth?client_id=563584335869-fgrhgmd47bqnekij5i8b5pr03ho849e6.apps.googleusercontent.com&scope=email%20openid%20https%3A%2F%2Fwww.googleapis.com%2Fauth%2Fcloudplatformprojects.readonly%20https%3A%2F%2Fwww.googleapis.com%2Fauth%2Ffirebase%20https%3A%2F%2Fwww.googleapis.com%2Fauth%2Fcloud-platform&response_type=code&state=1011570877&redirect_uri=http%3A%2F%2Flocalhost%3A9005
[info] 
[info] Waiting for authentication...
[debug] [2024-08-19T22:05:06.889Z] >>> [apiv2][query] POST https://auth.firebase.tools/attest [none]
[debug] [2024-08-19T22:05:06.889Z] >>> [apiv2][body] POST https://auth.firebase.tools/attest {"session_id":"9d23dd20-4928-404d-9eb2-9c4f314150ce"}
[debug] [2024-08-19T22:05:07.508Z] <<< [apiv2][status] POST https://auth.firebase.tools/attest 200
[debug] [2024-08-19T22:05:07.508Z] <<< [apiv2][body] POST https://auth.firebase.tools/attest {"token":"iuUOHHhthHYtjZnP9l3Az_mtey1SlQIpzx1yCbmDMsQ"}
[info] 
[info] To sign in to the Firebase CLI:
[info] 
[info] 1. Take note of your session ID:
[info] 
[info]    9D23D
[info] 
[info] 2. Visit the URL below on any device and follow the instructions to get your code:
[info] 
[info]    https://auth.firebase.tools/login?code_challenge=uoBJBQ4VwXHfo7-vZx4FPTiKJG7m30N830BsaZwsvkM&session=9d23dd20-4928-404d-9eb2-9c4f314150ce&attest=iuUOHHhthHYtjZnP9l3Az_mtey1SlQIpzx1yCbmDMsQ
[info] 
[info] 3. Paste or enter the authorization code below once you have it:
[info] 
